<?xml version="1.0" encoding="UTF-8"?>
<!-- Generated by org.testng.reporters.JUnitReportReporter -->
<testsuite skipped="0" hostname="Jordan-PC" name="testng.basics.DependsOnMethodExample" tests="2" failures="0" timestamp="08 Apr 2021 14:27:18 GMT" time="0.049" errors="0">
  <testcase name="loginTest" time="0.042" classname="testng.basics.DependsOnMethodExample"/>
  <testcase name="homePageTest" time="0.007" classname="testng.basics.DependsOnMethodExample"/>
</testsuite> <!-- testng.basics.DependsOnMethodExample -->
