<?xml version="1.0" encoding="UTF-8"?>
<!-- Generated by org.testng.reporters.JUnitReportReporter -->
<testsuite skipped="0" hostname="Jordan-PC" name="testng.basics.ExceptionTimeOutTest" tests="1" failures="0" timestamp="07 Apr 2021 15:48:31 GMT" time="0.044" errors="0">
  <testcase name="test1" time="0.044" classname="testng.basics.ExceptionTimeOutTest"/>
</testsuite> <!-- testng.basics.ExceptionTimeOutTest -->
