<?xml version="1.0" encoding="UTF-8"?>
<!-- Generated by org.testng.reporters.JUnitReportReporter -->
<testsuite skipped="0" hostname="Jordan-PC" name="testng.basics.TestNgGroupTest" tests="5" failures="0" timestamp="08 Apr 2021 14:23:21 GMT" time="0.056" errors="0">
  <testcase name="f5" time="0.006" classname="testng.basics.TestNgGroupTest"/>
  <testcase name="f3" time="0.008" classname="testng.basics.TestNgGroupTest"/>
  <testcase name="f1" time="0.019" classname="testng.basics.TestNgGroupTest"/>
  <testcase name="f4" time="0.015" classname="testng.basics.TestNgGroupTest"/>
  <testcase name="f2" time="0.008" classname="testng.basics.TestNgGroupTest"/>
</testsuite> <!-- testng.basics.TestNgGroupTest -->
