<?xml version="1.0" encoding="UTF-8"?>
<!-- Generated by org.testng.reporters.JUnitReportReporter -->
<testsuite skipped="0" hostname="Jordan-PC" name="testng.basics.HierarchyTest" tests="2" failures="0" timestamp="07 Apr 2021 15:22:05 GMT" time="0.042" errors="0">
  <testcase name="f2" time="0.007" classname="testng.basics.HierarchyTest"/>
  <testcase name="f1" time="0.035" classname="testng.basics.HierarchyTest"/>
</testsuite> <!-- testng.basics.HierarchyTest -->
