<?xml version="1.0" encoding="UTF-8"?>
<!-- Generated by org.testng.reporters.JUnitReportReporter -->
<testsuite skipped="0" hostname="Jordan-PC" name="pageobjectmodel.LoginTest" tests="2" failures="0" timestamp="09 Apr 2021 15:41:32 GMT" time="54.819" errors="0">
  <testcase name="loginFailureTest" time="20.395" classname="pageobjectmodel.LoginTest"/>
  <testcase name="loginSuccessTest" time="34.424" classname="pageobjectmodel.LoginTest"/>
</testsuite> <!-- pageobjectmodel.LoginTest -->
