<?xml version="1.0" encoding="UTF-8"?>
<!-- Generated by org.testng.reporters.JUnitReportReporter -->
<testsuite skipped="0" hostname="Jordan-PC" name="testng.basics.ParameterTest" tests="1" failures="0" timestamp="08 Apr 2021 14:43:30 GMT" time="19.201" errors="0">
  <testcase name="magentoLoginTest" time="19.201" classname="testng.basics.ParameterTest"/>
</testsuite> <!-- testng.basics.ParameterTest -->
