<?xml version="1.0" encoding="UTF-8"?>
<!-- Generated by org.testng.reporters.JUnitReportReporter -->
<testsuite skipped="0" hostname="Jordan-PC" name="testng.basics.Demo1" tests="1" failures="0" timestamp="09 Apr 2021 14:48:18 GMT" time="27.498" errors="0">
  <testcase name="dropdownTest" time="27.498" classname="testng.basics.Demo1"/>
</testsuite> <!-- testng.basics.Demo1 -->
