<?xml version="1.0" encoding="UTF-8"?>
<!-- Generated by org.testng.reporters.JUnitReportReporter -->
<testsuite skipped="0" hostname="Jordan-PC" name="testng.basics.PriorityTest" tests="6" failures="0" timestamp="07 Apr 2021 16:01:37 GMT" time="0.141" errors="0">
  <testcase name="f4" time="0.074" classname="testng.basics.PriorityTest"/>
  <testcase name="a1" time="0.018" classname="testng.basics.PriorityTest"/>
  <testcase name="f" time="0.013" classname="testng.basics.PriorityTest"/>
  <testcase name="f2" time="0.006" classname="testng.basics.PriorityTest"/>
  <testcase name="f1" time="0.009" classname="testng.basics.PriorityTest"/>
  <testcase name="f3" time="0.021" classname="testng.basics.PriorityTest"/>
</testsuite> <!-- testng.basics.PriorityTest -->
