<?xml version="1.0" encoding="UTF-8"?>
<!-- Generated by org.testng.reporters.JUnitReportReporter -->
<testsuite skipped="0" hostname="Jordan-PC" name="testng.basics.InvocationCountTest" tests="3" failures="0" timestamp="07 Apr 2021 15:45:08 GMT" time="198.837" errors="0">
  <testcase name="sum" time="68.815" classname="testng.basics.InvocationCountTest"/>
  <testcase name="sum" time="57.244" classname="testng.basics.InvocationCountTest"/>
  <testcase name="sum" time="72.778" classname="testng.basics.InvocationCountTest"/>
</testsuite> <!-- testng.basics.InvocationCountTest -->
