<?xml version="1.0" encoding="UTF-8"?>
<!-- Generated by org.testng.reporters.JUnitReportReporter -->
<testsuite skipped="0" hostname="Jordan-PC" name="selenium.basics.Demo" tests="1" failures="0" timestamp="06 Apr 2021 14:38:11 GMT" time="17.304" errors="0">
  <testcase name="print" time="17.304" classname="selenium.basics.Demo"/>
</testsuite> <!-- selenium.basics.Demo -->
